<?xml version="1.0" encoding="utf-8"?><testsuites name="pytest tests"><testsuite name="pytest" errors="0" failures="0" skipped="0" tests="9" time="98.315" timestamp="2026-03-15T14:14:06.899009+00:00" hostname="agent-env-b4194265-4256-41b0-bc9b-baf7054e0e1a"><testcase classname="backend.tests.test_permissions.TestPermissions" name="test_health_check" time="98.145" /><testcase classname="backend.tests.test_permissions.TestPermissions" name="test_admin_login" time="0.007" /><testcase classname="backend.tests.test_permissions.TestPermissions" name="test_get_users_list" time="0.012" /><testcase classname="backend.tests.test_permissions.TestPermissions" name="test_get_staff_user_details" time="0.012" /><testcase classname="backend.tests.test_permissions.TestPermissions" name="test_update_user_permissions" time="0.026" /><testcase classname="backend.tests.test_permissions.TestPermissions" name="test_restaurant_ids_initialization" time="0.011" /><testcase classname="backend.tests.test_permissions.TestPermissions" name="test_save_permissions_with_restaurant_ids_fallback" time="0.021" /><testcase classname="backend.tests.test_permissions.TestRestaurantSwitching" name="test_get_my_restaurants" time="0.017" /><testcase classname="backend.tests.test_permissions.TestRestaurantSwitching" name="test_switch_restaurant_endpoint" time="0.015" /></testsuite></testsuites>