<?xml version="1.0" encoding="utf-8"?><testsuites name="pytest tests"><testsuite name="pytest" errors="0" failures="0" skipped="0" tests="9" time="1.838" timestamp="2026-03-15T23:39:45.818054+00:00" hostname="agent-env-6d789932-5234-4121-a09c-c35cc10ca9b2"><testcase classname="backend.tests.test_permissions_admin.TestAdminPermissionsManagement" name="test_01_admin_login_success" time="0.427" /><testcase classname="backend.tests.test_permissions_admin.TestAdminPermissionsManagement" name="test_02_get_users_list" time="0.121" /><testcase classname="backend.tests.test_permissions_admin.TestAdminPermissionsManagement" name="test_03_get_user_permissions" time="0.113" /><testcase classname="backend.tests.test_permissions_admin.TestAdminPermissionsManagement" name="test_04_update_user_permissions" time="0.122" /><testcase classname="backend.tests.test_permissions_admin.TestAdminPermissionsManagement" name="test_05_grant_full_access" time="0.162" /><testcase classname="backend.tests.test_permissions_admin.TestAdminPermissionsManagement" name="test_06_verify_staff_login_sees_permissions" time="0.171" /><testcase classname="backend.tests.test_permissions_admin.TestAdminPermissionsManagement" name="test_07_update_specific_permission_toggle" time="0.225" /><testcase classname="backend.tests.test_permissions_admin.TestStaffPermissionsVerification" name="test_staff_login_with_permissions" time="0.161" /><testcase classname="backend.tests.test_permissions_admin.TestStaffPermissionsVerification" name="test_staff_can_access_events_api" time="0.269" /></testsuite></testsuites>